d:\themazerunner\release2\build\obj\x64\debug\windowsplayer\themazerunner.pch
d:\themazerunner\release2\build\obj\x64\debug\windowsplayer\vc143.pdb
d:\themazerunner\release2\build\obj\x64\debug\windowsplayer\vc143.idb
d:\themazerunner\release2\build\obj\x64\debug\windowsplayer\precompiledheader.obj
d:\themazerunner\release2\build\obj\x64\debug\windowsplayer\main.obj
d:\themazerunner\release2\build\obj\x64\debug\windowsplayer\themazerunner.ilk
d:\themazerunner\release2\build\bin\x64\debug\themazerunner.exe
d:\themazerunner\release2\build\bin\x64\debug\themazerunner_x64_debugserver_mono.pdb
d:\themazerunner\release2\build\obj\x64\debug\windowsplayer\windowsplayer.res
d:\themazerunner\release2\build\bin\x64\debug\themazerunner.lib
d:\themazerunner\release2\build\bin\x64\debug\themazerunner.exp
d:\themazerunner\release2\build\obj\x64\debug\windowsplayer\themazerunner.vcxproj.filelistabsolute.txt
d:\themazerunner\release2\build\obj\x64\debug\windowsplayer\themazerunner.tlog\cl.command.1.tlog
d:\themazerunner\release2\build\obj\x64\debug\windowsplayer\themazerunner.tlog\cl.read.1.tlog
d:\themazerunner\release2\build\obj\x64\debug\windowsplayer\themazerunner.tlog\cl.write.1.tlog
d:\themazerunner\release2\build\obj\x64\debug\windowsplayer\themazerunner.tlog\link.command.1.tlog
d:\themazerunner\release2\build\obj\x64\debug\windowsplayer\themazerunner.tlog\link.read.1.tlog
d:\themazerunner\release2\build\obj\x64\debug\windowsplayer\themazerunner.tlog\link.write.1.tlog
d:\themazerunner\release2\build\obj\x64\debug\windowsplayer\themazerunner.tlog\rc.command.1.tlog
d:\themazerunner\release2\build\obj\x64\debug\windowsplayer\themazerunner.tlog\rc.read.1.tlog
d:\themazerunner\release2\build\obj\x64\debug\windowsplayer\themazerunner.tlog\rc.write.1.tlog
d:\themazerunner\release2\build\obj\x64\debug\windowsplayer\themazerunner.tlog\themazerunner.write.1u.tlog
